#
# A fatal error has been detected by the Java Runtime Environment:
#
#  SIGSEGV (0xb) at pc=0x00007f42a756e4f2, pid=901, tid=139925685749504
#
# JRE version: Java(TM) SE Runtime Environment (8.0_66-b17) (build 1.8.0_66-b17)
# Java VM: Java HotSpot(TM) 64-Bit Server VM (25.66-b17 mixed mode linux-amd64 compressed oops)
# Problematic frame:
# C  [i965_dri.so+0x3a54f2]
#
# Failed to write core dump. Core dumps have been disabled. To enable core dumping, try "ulimit -c unlimited" before starting Java again
#
# If you would like to submit a bug report, please visit:
#   http://bugreport.java.com/bugreport/crash.jsp
# The crash happened outside the Java Virtual Machine in native code.
# See problematic frame for where to report the bug.
#

---------------  T H R E A D  ---------------

Current thread (0x00007f431c330800):  JavaThread "AWT-EventQueue-0" [_thread_in_native, id=925, stack(0x00007f42fcbb4000,0x00007f42fccb5000)]

siginfo: si_signo: 11 (SIGSEGV), si_code: 1 (SEGV_MAPERR), si_addr: 0x000000000000c4e8

Registers:
RAX=0x00007f42a756e4e0, RBX=0x000000000000c000, RCX=0x0000000000000000, RDX=0x0000000000000001
RSP=0x00007f42fccb22a0, RBP=0x0000000000000000, RSI=0x00007f42b0022410, RDI=0x0000000100000000
R8 =0x0000000000000000, R9 =0x00007f42df39de50, R10=0x00007f430d015968, R11=0x00007f43231cefe0
R12=0x00007f42b0022330, R13=0x00007f42b4729170, R14=0x00007f42b46d4680, R15=0x0000000000000000
RIP=0x00007f42a756e4f2, EFLAGS=0x0000000000010206, CSGSFS=0x0000000000000033, ERR=0x0000000000000004
  TRAPNO=0x000000000000000e

Top of Stack: (sp=0x00007f42fccb22a0)
0x00007f42fccb22a0:   0000000000000000 0000000000000000
0x00007f42fccb22b0:   0000000000000000 00007f42b0022330
0x00007f42fccb22c0:   00007f42b4729170 00007f42df39def8
0x00007f42fccb22d0:   00007f42fccb2300 00007f42b46d5870
0x00007f42fccb22e0:   00007f4200000000 0000000000000000
0x00007f42fccb22f0:   0000000001c00033 00007f42df372c31
0x00007f42fccb2300:   00007f42b0022330 b97491ab00fb5800
0x00007f42fccb2310:   0000000001c00033 00007f42df5fd628
0x00007f42fccb2320:   00007f42fccb2390 0000000000000000
0x00007f42fccb2330:   00007f42df5fd628 00007f42fccb2460
0x00007f42fccb2340:   00007f431c330800 00007f42dd27fb5a
0x00007f42fccb2350:   00007f42fccb25b0 00007f42df372c60
0x00007f42fccb2360:   0000000001c00033 00007f42b4720370
0x00007f42fccb2370:   00007f42fccb2428 00007f431c3309f8
0x00007f42fccb2380:   000000010019f6f8 00007f42df372c60
0x00007f42fccb2390:   00007f42fccb2418 00007f430d015994
0x00007f42fccb23a0:   00000000d7217510 00000000d7217560
0x00007f42fccb23b0:   00000000d7217550 0000000000000003
0x00007f42fccb23c0:   00000000d7217570 00000000d72175c0
0x00007f42fccb23d0:   00000000d72175b0 00007f42fccb23d8
0x00007f42fccb23e0:   0000000000000000 00007f42fccb2460
0x00007f42fccb23f0:   00007f42df5feb68 0000000000000000
0x00007f42fccb2400:   00007f42df5fd628 0000000000000000
0x00007f42fccb2410:   00007f42fccb2438 00007f42fccb24a8
0x00007f42fccb2420:   00007f430d007c4d 00000000d93668e0
0x00007f42fccb2430:   00007f430d00f578 00007f42df372c60
0x00007f42fccb2440:   00007f430d0055d0 0000000001c00033
0x00007f42fccb2450:   00007f42fccb2628 00007f42b4720370
0x00007f42fccb2460:   00000000d95dc728 00007f42fccb2468
0x00007f42fccb2470:   00007f42df5fd579 00007f42fccb24e0
0x00007f42fccb2480:   00007f42df5feb68 00007f42a4120038
0x00007f42fccb2490:   00007f42df5fd588 00007f42fccb2438 

Instructions: (pc=0x00007f42a756e4f2)
0x00007f42a756e4d2:   41 5c c3 90 66 2e 0f 1f 84 00 00 00 00 00 41 55
0x00007f42a756e4e2:   41 54 55 53 48 83 ec 08 48 8b 1f 48 85 db 74 5e
0x00007f42a756e4f2:   f6 83 e8 04 00 00 01 89 cd 41 89 d5 49 89 f4 75
0x00007f42a756e502:   7d 41 83 e5 01 75 67 85 ed 74 53 83 fd 02 75 07 

Register to memory mapping:

RAX=0x00007f42a756e4e0: <offset 0x3a54e0> in /usr/lib/xorg/modules/dri/i965_dri.so at 0x00007f42a71c9000
RBX=0x000000000000c000 is an unknown value
RCX=0x0000000000000000 is an unknown value
RDX=0x0000000000000001 is an unknown value
RSP=0x00007f42fccb22a0 is pointing into the stack for thread: 0x00007f431c330800
RBP=0x0000000000000000 is an unknown value
RSI=0x00007f42b0022410 is an unknown value
RDI=0x0000000100000000 is pointing into metadata
R8 =0x0000000000000000 is an unknown value
R9 =0x00007f42df39de50: <offset 0x45e50> in /usr/lib/libGL.so.1 at 0x00007f42df358000
R10=0x00007f430d015968 is at code_begin+808 in an Interpreter codelet
method entry point (kind = native)  [0x00007f430d015640, 0x00007f430d015f40]  2304 bytes
R11=0x00007f43231cefe0: <offset 0x9b8fe0> in /usr/lib/jvm/java-8-jdk/jre/lib/amd64/server/libjvm.so at 0x00007f4322816000
R12=0x00007f42b0022330 is an unknown value
R13=0x00007f42b4729170 is an unknown value
R14=0x00007f42b46d4680 is an unknown value
R15=0x0000000000000000 is an unknown value


Stack: [0x00007f42fcbb4000,0x00007f42fccb5000],  sp=0x00007f42fccb22a0,  free space=1016k
Native frames: (J=compiled Java code, j=interpreted, Vv=VM code, C=native code)
C  [i965_dri.so+0x3a54f2]

Java frames: (J=compiled Java code, j=interpreted, Vv=VM code)
j  jogamp.opengl.x11.glx.GLX.dispatch_glXSwapBuffers0(JJJ)V+0
j  jogamp.opengl.x11.glx.GLX.glXSwapBuffers(JJ)V+41
J 2254 C1 jogamp.opengl.x11.glx.X11GLXDrawable.swapBuffersImpl(Z)V (21 bytes) @ 0x00007f430d7f2704 [0x00007f430d7f2460+0x2a4]
j  jogamp.opengl.GLDrawableImpl.swapBuffers()V+67
j  javax.media.opengl.awt.GLCanvas$12.run()V+45
J 1930 C1 java.awt.event.InvocationEvent.dispatch()V (69 bytes) @ 0x00007f430d65374c [0x00007f430d653600+0x14c]
J 2009 C1 java.awt.EventQueue.dispatchEventImpl(Ljava/awt/AWTEvent;Ljava/lang/Object;)V (149 bytes) @ 0x00007f430d69897c [0x00007f430d696ec0+0x1abc]
J 2007 C1 java.awt.EventQueue$3.run()Ljava/lang/Void; (60 bytes) @ 0x00007f430d694744 [0x00007f430d694540+0x204]
J 2006 C1 java.awt.EventQueue$3.run()Ljava/lang/Object; (5 bytes) @ 0x00007f430d69164c [0x00007f430d6915c0+0x8c]
v  ~StubRoutines::call_stub
J 1788  java.security.AccessController.doPrivileged(Ljava/security/PrivilegedAction;Ljava/security/AccessControlContext;)Ljava/lang/Object; (0 bytes) @ 0x00007f430d5dada3 [0x00007f430d5dad40+0x63]
J 1874 C1 java.awt.EventQueue.dispatchEvent(Ljava/awt/AWTEvent;)V (80 bytes) @ 0x00007f430d62b504 [0x00007f430d62ab80+0x984]
J 1876 C1 java.awt.EventDispatchThread.pumpOneEventForFilters(I)V (295 bytes) @ 0x00007f430d62ebd4 [0x00007f430d62d080+0x1b54]
j  java.awt.EventDispatchThread.pumpEventsForFilter(ILjava/awt/Conditional;Ljava/awt/EventFilter;)V+35
j  java.awt.EventDispatchThread.pumpEventsForHierarchy(ILjava/awt/Conditional;Ljava/awt/Component;)V+11
j  java.awt.EventDispatchThread.pumpEvents(ILjava/awt/Conditional;)V+4
j  java.awt.EventDispatchThread.pumpEvents(Ljava/awt/Conditional;)V+3
j  java.awt.EventDispatchThread.run()V+9
v  ~StubRoutines::call_stub

---------------  P R O C E S S  ---------------

Java Threads: ( => current thread )
  0x00007f42b41cc800 JavaThread "Animation Thread-SharedResourceRunner" daemon [_thread_blocked, id=933, stack(0x00007f42fc38a000,0x00007f42fc48b000)]
  0x00007f42b40c0000 JavaThread "process reaper" daemon [_thread_blocked, id=929, stack(0x00007f430c00f000,0x00007f430c048000)]
  0x00007f431c008800 JavaThread "DestroyJavaVM" [_thread_blocked, id=903, stack(0x00007f43242b4000,0x00007f43243b5000)]
  0x00007f431c33f800 JavaThread "Animation Thread" [_thread_blocked, id=926, stack(0x00007f42fcab3000,0x00007f42fcbb4000)]
=>0x00007f431c330800 JavaThread "AWT-EventQueue-0" [_thread_in_native, id=925, stack(0x00007f42fcbb4000,0x00007f42fccb5000)]
  0x00007f431c32e800 JavaThread "AWT-Shutdown" [_thread_blocked, id=924, stack(0x00007f42fccb5000,0x00007f42fcdb6000)]
  0x00007f431c2b8000 JavaThread "AWT-XAWT" daemon [_thread_blocked, id=921, stack(0x00007f42fd1b8000,0x00007f42fd2b9000)]
  0x00007f431c28f000 JavaThread "Java2D Disposer" daemon [_thread_blocked, id=920, stack(0x00007f42fd6ca000,0x00007f42fd7cb000)]
  0x00007f431c0d7000 JavaThread "Service Thread" daemon [_thread_blocked, id=918, stack(0x00007f42ff428000,0x00007f42ff529000)]
  0x00007f431c0ba000 JavaThread "C1 CompilerThread2" daemon [_thread_blocked, id=917, stack(0x00007f42ff529000,0x00007f42ff62a000)]
  0x00007f431c0b8000 JavaThread "C2 CompilerThread1" daemon [_thread_blocked, id=916, stack(0x00007f42ff62a000,0x00007f42ff72b000)]
  0x00007f431c0b5000 JavaThread "C2 CompilerThread0" daemon [_thread_blocked, id=915, stack(0x00007f42ff72b000,0x00007f42ff82c000)]
  0x00007f431c0b3800 JavaThread "Signal Dispatcher" daemon [_thread_blocked, id=914, stack(0x00007f42ff82c000,0x00007f42ff92d000)]
  0x00007f431c07d800 JavaThread "Finalizer" daemon [_thread_blocked, id=913, stack(0x00007f42ffafb000,0x00007f42ffbfc000)]
  0x00007f431c07b800 JavaThread "Reference Handler" daemon [_thread_blocked, id=912, stack(0x00007f42ffbfc000,0x00007f42ffcfd000)]

Other Threads:
  0x00007f431c076800 VMThread [stack: 0x00007f42ffcfd000,0x00007f42ffdfe000] [id=911]
  0x00007f431c0e2000 WatcherThread [stack: 0x00007f42ff327000,0x00007f42ff428000] [id=919]

VM state:not at safepoint (normal execution)

VM Mutex/Monitor currently owned by a thread: None

Heap:
 PSYoungGen      total 36864K, used 10202K [0x00000000d6d80000, 0x00000000d9680000, 0x0000000100000000)
  eden space 31744K, 16% used [0x00000000d6d80000,0x00000000d727c710,0x00000000d8c80000)
  from space 5120K, 99% used [0x00000000d9180000,0x00000000d967a218,0x00000000d9680000)
  to   space 5120K, 0% used [0x00000000d8c80000,0x00000000d8c80000,0x00000000d9180000)
 ParOldGen       total 84992K, used 18275K [0x0000000084800000, 0x0000000089b00000, 0x00000000d6d80000)
  object space 84992K, 21% used [0x0000000084800000,0x00000000859d8d08,0x0000000089b00000)
 Metaspace       used 20206K, capacity 20387K, committed 20736K, reserved 1069056K
  class space    used 1885K, capacity 1968K, committed 2048K, reserved 1048576K

Card table byte_map: [0x00007f432130b000,0x00007f43216e8000] byte_map_base: 0x00007f4320ee7000

Marking Bits: (ParMarkBitMap*) 0x00007f43237c5020
 Begin Bits: [0x00007f42f4240000, 0x00007f42f6120000)
 End Bits:   [0x00007f42f6120000, 0x00007f42f8000000)

Polling page: 0x00007f43243ea000

CodeCache: size=245760Kb used=8472Kb max_used=8472Kb free=237287Kb
 bounds [0x00007f430d000000, 0x00007f430d850000, 0x00007f431c000000]
 total_blobs=3348 nmethods=2359 adapters=902
 compilation: enabled

Compilation events (10 events):
Event: 27.142 Thread 0x00007f431c0ba000 2355       3       processing.core.PGraphics::textMode (114 bytes)
Event: 27.143 Thread 0x00007f431c0ba000 nmethod 2355 0x00007f430d849750 code [0x00007f430d8499a0, 0x00007f430d84a628]
Event: 27.143 Thread 0x00007f431c0ba000 2356       3       processing.opengl.PGraphicsOpenGL::textModeCheck (20 bytes)
Event: 27.144 Thread 0x00007f431c0ba000 nmethod 2356 0x00007f430d84ab50 code [0x00007f430d84acc0, 0x00007f430d84aef0]
Event: 27.144 Thread 0x00007f431c0ba000 2357       3       java.nio.DirectShortBufferU::put (157 bytes)
Event: 27.144 Thread 0x00007f431c0ba000 nmethod 2357 0x00007f430d84af90 code [0x00007f430d84b1a0, 0x00007f430d84bb28]
Event: 27.144 Thread 0x00007f431c0ba000 2358       3       java.nio.DirectShortBufferU::order (19 bytes)
Event: 27.144 Thread 0x00007f431c0ba000 nmethod 2358 0x00007f430d84bf90 code [0x00007f430d84c100, 0x00007f430d84c350]
Event: 27.144 Thread 0x00007f431c0ba000 2359       3       java.util.concurrent.locks.AbstractQueuedSynchronizer::doReleaseShared (79 bytes)
Event: 27.145 Thread 0x00007f431c0ba000 nmethod 2359 0x00007f430d84c410 code [0x00007f430d84c5c0, 0x00007f430d84cb68]

GC Heap History (4 events):
Event: 1.276 GC heap before
{Heap before GC invocations=1 (full 0):
 PSYoungGen      total 36864K, used 31744K [0x00000000d6d80000, 0x00000000d9680000, 0x0000000100000000)
  eden space 31744K, 100% used [0x00000000d6d80000,0x00000000d8c80000,0x00000000d8c80000)
  from space 5120K, 0% used [0x00000000d9180000,0x00000000d9180000,0x00000000d9680000)
  to   space 5120K, 0% used [0x00000000d8c80000,0x00000000d8c80000,0x00000000d9180000)
 ParOldGen       total 84992K, used 0K [0x0000000084800000, 0x0000000089b00000, 0x00000000d6d80000)
  object space 84992K, 0% used [0x0000000084800000,0x0000000084800000,0x0000000089b00000)
 Metaspace       used 17834K, capacity 18025K, committed 18304K, reserved 1064960K
  class space    used 1746K, capacity 1831K, committed 1920K, reserved 1048576K
Event: 1.287 GC heap after
Heap after GC invocations=1 (full 0):
 PSYoungGen      total 36864K, used 5097K [0x00000000d6d80000, 0x00000000d9680000, 0x0000000100000000)
  eden space 31744K, 0% used [0x00000000d6d80000,0x00000000d6d80000,0x00000000d8c80000)
  from space 5120K, 99% used [0x00000000d8c80000,0x00000000d917a798,0x00000000d9180000)
  to   space 5120K, 0% used [0x00000000d9180000,0x00000000d9180000,0x00000000d9680000)
 ParOldGen       total 84992K, used 2694K [0x0000000084800000, 0x0000000089b00000, 0x00000000d6d80000)
  object space 84992K, 3% used [0x0000000084800000,0x0000000084aa1af8,0x0000000089b00000)
 Metaspace       used 17834K, capacity 18025K, committed 18304K, reserved 1064960K
  class space    used 1746K, capacity 1831K, committed 1920K, reserved 1048576K
}
Event: 21.476 GC heap before
{Heap before GC invocations=2 (full 0):
 PSYoungGen      total 36864K, used 36841K [0x00000000d6d80000, 0x00000000d9680000, 0x0000000100000000)
  eden space 31744K, 100% used [0x00000000d6d80000,0x00000000d8c80000,0x00000000d8c80000)
  from space 5120K, 99% used [0x00000000d8c80000,0x00000000d917a798,0x00000000d9180000)
  to   space 5120K, 0% used [0x00000000d9180000,0x00000000d9180000,0x00000000d9680000)
 ParOldGen       total 84992K, used 2694K [0x0000000084800000, 0x0000000089b00000, 0x00000000d6d80000)
  object space 84992K, 3% used [0x0000000084800000,0x0000000084aa1af8,0x0000000089b00000)
 Metaspace       used 20183K, capacity 20387K, committed 20736K, reserved 1069056K
  class space    used 1885K, capacity 1968K, committed 2048K, reserved 1048576K
Event: 21.485 GC heap after
Heap after GC invocations=2 (full 0):
 PSYoungGen      total 36864K, used 5096K [0x00000000d6d80000, 0x00000000d9680000, 0x0000000100000000)
  eden space 31744K, 0% used [0x00000000d6d80000,0x00000000d6d80000,0x00000000d8c80000)
  from space 5120K, 99% used [0x00000000d9180000,0x00000000d967a218,0x00000000d9680000)
  to   space 5120K, 0% used [0x00000000d8c80000,0x00000000d8c80000,0x00000000d9180000)
 ParOldGen       total 84992K, used 18275K [0x0000000084800000, 0x0000000089b00000, 0x00000000d6d80000)
  object space 84992K, 21% used [0x0000000084800000,0x00000000859d8d08,0x0000000089b00000)
 Metaspace       used 20183K, capacity 20387K, committed 20736K, reserved 1069056K
  class space    used 1885K, capacity 1968K, committed 2048K, reserved 1048576K
}

Deoptimization events (10 events):
Event: 12.807 Thread 0x00007f431c330800 Uncommon trap: reason=unstable_if action=reinterpret pc=0x00007f430d6b1680 method=Display.drawSuperPosition(FF)V @ 343
Event: 15.027 Thread 0x00007f431c2b8000 Uncommon trap: reason=unstable_if action=reinterpret pc=0x00007f430d5dcc28 method=java.util.WeakHashMap.get(Ljava/lang/Object;)Ljava/lang/Object; @ 35
Event: 15.508 Thread 0x00007f431c330800 Uncommon trap: reason=unstable_if action=reinterpret pc=0x00007f430d42db90 method=processing.opengl.PGraphicsOpenGL$InGeometry.codeCheck()V @ 9
Event: 15.742 Thread 0x00007f431c330800 Uncommon trap: reason=unstable_if action=reinterpret pc=0x00007f430d4e19fc method=processing.opengl.PGraphicsOpenGL$InGeometry.edgeCheck()V @ 9
Event: 17.509 Thread 0x00007f431c330800 Uncommon trap: reason=class_check action=maybe_recompile pc=0x00007f430d408470 method=java.util.regex.Pattern.compile()V @ 246
Event: 19.175 Thread 0x00007f431c330800 Uncommon trap: reason=unstable_if action=reinterpret pc=0x00007f430d41975c method=java.lang.StrictMath.floorOrCeil(DDDD)D @ 115
Event: 19.175 Thread 0x00007f431c330800 Uncommon trap: reason=unstable_if action=reinterpret pc=0x00007f430d4064b4 method=java.lang.StrictMath.floorOrCeil(DDDD)D @ 115
Event: 19.175 Thread 0x00007f431c330800 Uncommon trap: reason=unstable_if action=reinterpret pc=0x00007f430d4070f8 method=java.lang.StrictMath.floorOrCeil(DDDD)D @ 115
Event: 22.610 Thread 0x00007f431c330800 Uncommon trap: reason=unstable_if action=reinterpret pc=0x00007f430d4eb4cc method=processing.opengl.PGraphicsOpenGL$TessGeometry.polyVertexCheck(I)V @ 15
Event: 26.276 Thread 0x00007f431c330800 Uncommon trap: reason=class_check action=maybe_recompile pc=0x00007f430d408470 method=java.util.regex.Pattern.compile()V @ 246

Internal exceptions (10 events):
Event: 1.486 Thread 0x00007f431c330800 Exception <a 'java/lang/reflect/InvocationTargetException'> (0x00000000d7209948) thrown at [/HUDSON/workspace/8-2-build-linux-amd64/jdk8u66/4988/hotspot/src/share/vm/runtime/reflection.cpp, line 1092]
Event: 1.487 Thread 0x00007f431c330800 Exception <a 'java/lang/reflect/InvocationTargetException'> (0x00000000d720a5e0) thrown at [/HUDSON/workspace/8-2-build-linux-amd64/jdk8u66/4988/hotspot/src/share/vm/runtime/reflection.cpp, line 1092]
Event: 1.607 Thread 0x00007f431c330800 Exception <a 'java/lang/reflect/InvocationTargetException'> (0x00000000d83700d8) thrown at [/HUDSON/workspace/8-2-build-linux-amd64/jdk8u66/4988/hotspot/src/share/vm/runtime/reflection.cpp, line 1092]
Event: 1.607 Thread 0x00007f431c330800 Exception <a 'java/lang/reflect/InvocationTargetException'> (0x00000000d83708e0) thrown at [/HUDSON/workspace/8-2-build-linux-amd64/jdk8u66/4988/hotspot/src/share/vm/runtime/reflection.cpp, line 1092]
Event: 1.620 Thread 0x00007f431c330800 Exception <a 'java/lang/reflect/InvocationTargetException'> (0x00000000d83e5528) thrown at [/HUDSON/workspace/8-2-build-linux-amd64/jdk8u66/4988/hotspot/src/share/vm/runtime/reflection.cpp, line 1092]
Event: 1.641 Thread 0x00007f431c330800 Exception <a 'java/lang/reflect/InvocationTargetException'> (0x00000000d83e5a10) thrown at [/HUDSON/workspace/8-2-build-linux-amd64/jdk8u66/4988/hotspot/src/share/vm/runtime/reflection.cpp, line 1092]
Event: 1.651 Thread 0x00007f431c330800 Exception <a 'java/lang/reflect/InvocationTargetException'> (0x00000000d83e8bc8) thrown at [/HUDSON/workspace/8-2-build-linux-amd64/jdk8u66/4988/hotspot/src/share/vm/runtime/reflection.cpp, line 1092]
Event: 1.673 Thread 0x00007f431c330800 Exception <a 'java/lang/reflect/InvocationTargetException'> (0x00000000d83e90b0) thrown at [/HUDSON/workspace/8-2-build-linux-amd64/jdk8u66/4988/hotspot/src/share/vm/runtime/reflection.cpp, line 1092]
Event: 1.686 Thread 0x00007f431c330800 Exception <a 'java/lang/reflect/InvocationTargetException'> (0x00000000d83ee930) thrown at [/HUDSON/workspace/8-2-build-linux-amd64/jdk8u66/4988/hotspot/src/share/vm/runtime/reflection.cpp, line 1092]
Event: 15.027 Thread 0x00007f431c2b8000 Implicit null exception at 0x00007f430d5dcb18 to 0x00007f430d5dcc11

Events (10 events):
Event: 20.044 loading class java/util/Vector$1
Event: 20.044 loading class java/util/Vector$1 done
Event: 21.476 Executing VM operation: ParallelGCFailedAllocation
Event: 21.485 Executing VM operation: ParallelGCFailedAllocation done
Event: 22.610 Thread 0x00007f431c330800 Uncommon trap: trap_request=0xffffff65 fr.pc=0x00007f430d4eb4cc
Event: 22.610 Thread 0x00007f431c330800 DEOPT PACKING pc=0x00007f430d4eb4cc sp=0x00007f42fccb18d0
Event: 22.610 Thread 0x00007f431c330800 DEOPT UNPACKING pc=0x00007f430d005229 sp=0x00007f42fccb1840 mode 2
Event: 26.276 Thread 0x00007f431c330800 Uncommon trap: trap_request=0xffffffde fr.pc=0x00007f430d408470
Event: 26.276 Thread 0x00007f431c330800 DEOPT PACKING pc=0x00007f430d408470 sp=0x00007f42fccb1210
Event: 26.276 Thread 0x00007f431c330800 DEOPT UNPACKING pc=0x00007f430d005229 sp=0x00007f42fccb1228 mode 2


Dynamic libraries:
00400000-00401000 r-xp 00000000 08:04 1461963                            /usr/lib/jvm/java-8-jdk/jre/bin/java
00600000-00601000 rw-p 00000000 08:04 1461963                            /usr/lib/jvm/java-8-jdk/jre/bin/java
0177b000-0179c000 rw-p 00000000 00:00 0                                  [heap]
84800000-89b00000 rw-p 00000000 00:00 0 
89b00000-d6d80000 ---p 00000000 00:00 0 
d6d80000-d9680000 rw-p 00000000 00:00 0 
d9680000-100000000 ---p 00000000 00:00 0 
100000000-100200000 rw-p 00000000 00:00 0 
100200000-140000000 ---p 00000000 00:00 0 
7f42a3181000-7f42a31a4000 r--s 00000000 08:04 919094                     /var/cache/fontconfig/8d4af663993b81a124ee82e610bb31f9-le64.cache-4
7f42a31a4000-7f42a3213000 r-xp 00000000 08:04 1322415                    /usr/lib/libpcre.so.1.2.6
7f42a3213000-7f42a3412000 ---p 0006f000 08:04 1322415                    /usr/lib/libpcre.so.1.2.6
7f42a3412000-7f42a3413000 r--p 0006e000 08:04 1322415                    /usr/lib/libpcre.so.1.2.6
7f42a3413000-7f42a3414000 rw-p 0006f000 08:04 1322415                    /usr/lib/libpcre.so.1.2.6
7f42a363f000-7f42a374b000 r-xp 00000000 08:04 1324204                    /usr/lib/libglib-2.0.so.0.4600.2
7f42a374b000-7f42a394a000 ---p 0010c000 08:04 1324204                    /usr/lib/libglib-2.0.so.0.4600.2
7f42a394a000-7f42a394b000 r--p 0010b000 08:04 1324204                    /usr/lib/libglib-2.0.so.0.4600.2
7f42a394b000-7f42a394c000 rw-p 0010c000 08:04 1324204                    /usr/lib/libglib-2.0.so.0.4600.2
7f42a394c000-7f42a394d000 rw-p 00000000 00:00 0 
7f42a4009000-7f42a4011000 rw-s 00000000 00:05 618064                     /drm mm object (deleted)
7f42a4011000-7f42a4019000 rw-s 00000000 00:05 618053                     /drm mm object (deleted)
7f42a4119000-7f42a4159000 rw-p 00000000 00:00 0 
7f42a4159000-7f42a4319000 ---p 00000000 00:00 0 
7f42a4319000-7f42a4321000 rw-s 00000000 00:05 621415                     /drm mm object (deleted)
7f42a4321000-7f42a4329000 rw-s 00000000 00:05 621414                     /drm mm object (deleted)
7f42a4329000-7f42a4392000 r-xp 00000000 08:04 1731352                    /usr/lib/jvm/java-8-jdk/jre/lib/amd64/libt2k.so
7f42a4392000-7f42a4592000 ---p 00069000 08:04 1731352                    /usr/lib/jvm/java-8-jdk/jre/lib/amd64/libt2k.so
7f42a4592000-7f42a4599000 rw-p 00069000 08:04 1731352                    /usr/lib/jvm/java-8-jdk/jre/lib/amd64/libt2k.so
7f42a4599000-7f42a45a9000 rw-p 00000000 00:00 0 
7f42a470a000-7f42a490a000 rw-p 00000000 00:00 0 
7f42a490a000-7f42a4b0a000 rw-s 104908000 00:06 39                        /dev/dri/card0
7f42a4b0a000-7f42a530a000 rw-s 00000000 00:05 618049                     /drm mm object (deleted)
7f42a530a000-7f42a5b0a000 rw-s 00000000 00:05 621399                     /drm mm object (deleted)
7f42a5b0a000-7f42a5d0a000 rw-s 104708000 00:06 39                        /dev/dri/card0
7f42a5d0a000-7f42a5d0c000 r-xp 00000000 08:04 1338860                    /usr/lib/libXinerama.so.1.0.0
7f42a5d0c000-7f42a5f0b000 ---p 00002000 08:04 1338860                    /usr/lib/libXinerama.so.1.0.0
7f42a5f0b000-7f42a5f0c000 r--p 00001000 08:04 1338860                    /usr/lib/libXinerama.so.1.0.0
7f42a5f0c000-7f42a5f0d000 rw-p 00002000 08:04 1338860                    /usr/lib/libXinerama.so.1.0.0
7f42a5f0d000-7f42a5f11000 r-xp 00000000 08:04 1338016                    /usr/lib/libtxc_dxtn.so
7f42a5f11000-7f42a6110000 ---p 00004000 08:04 1338016                    /usr/lib/libtxc_dxtn.so
7f42a6110000-7f42a6111000 r--p 00003000 08:04 1338016                    /usr/lib/libtxc_dxtn.so
7f42a6111000-7f42a6112000 rw-p 00004000 08:04 1338016                    /usr/lib/libtxc_dxtn.so
7f42a6112000-7f42a611a000 r-xp 00000000 08:04 1337834                    /usr/lib/libpciaccess.so.0.11.1
7f42a611a000-7f42a631a000 ---p 00008000 08:04 1337834                    /usr/lib/libpciaccess.so.0.11.1
7f42a631a000-7f42a631b000 r--p 00008000 08:04 1337834                    /usr/lib/libpciaccess.so.0.11.1
7f42a631b000-7f42a631c000 rw-p 00009000 08:04 1337834                    /usr/lib/libpciaccess.so.0.11.1
7f42a631c000-7f42a632f000 r-xp 00000000 08:04 1321195                    /usr/lib/libgpg-error.so.0.17.0
7f42a632f000-7f42a652e000 ---p 00013000 08:04 1321195                    /usr/lib/libgpg-error.so.0.17.0
7f42a652e000-7f42a652f000 r--p 00012000 08:04 1321195                    /usr/lib/libgpg-error.so.0.17.0
7f42a652f000-7f42a6530000 rw-p 00013000 08:04 1321195                    /usr/lib/libgpg-error.so.0.17.0
7f42a6530000-7f42a66a2000 r-xp 00000000 08:04 1314280                    /usr/lib/libstdc++.so.6.0.21
7f42a66a2000-7f42a68a2000 ---p 00172000 08:04 1314280                    /usr/lib/libstdc++.so.6.0.21
7f42a68a2000-7f42a68ac000 r--p 00172000 08:04 1314280                    /usr/lib/libstdc++.so.6.0.21
7f42a68ac000-7f42a68ae000 rw-p 0017c000 08:04 1314280                    /usr/lib/libstdc++.so.6.0.21
7f42a68ae000-7f42a68b2000 rw-p 00000000 00:00 0 
7f42a68b2000-7f42a68bd000 r-xp 00000000 08:04 1337857                    /usr/lib/libdrm_radeon.so.1.0.1
7f42a68bd000-7f42a6abc000 ---p 0000b000 08:04 1337857                    /usr/lib/libdrm_radeon.so.1.0.1
7f42a6abc000-7f42a6abd000 r--p 0000a000 08:04 1337857                    /usr/lib/libdrm_radeon.so.1.0.1
7f42a6abd000-7f42a6abe000 rw-p 0000b000 08:04 1337857                    /usr/lib/libdrm_radeon.so.1.0.1
7f42a6abe000-7f42a6ac5000 r-xp 00000000 08:04 1337856                    /usr/lib/libdrm_nouveau.so.2.0.0
7f42a6ac5000-7f42a6cc4000 ---p 00007000 08:04 1337856                    /usr/lib/libdrm_nouveau.so.2.0.0
7f42a6cc4000-7f42a6cc5000 r--p 00006000 08:04 1337856                    /usr/lib/libdrm_nouveau.so.2.0.0
7f42a6cc5000-7f42a6cc6000 rw-p 00007000 08:04 1337856                    /usr/lib/libdrm_nouveau.so.2.0.0
7f42a6cc6000-7f42a6ce6000 r-xp 00000000 08:04 1337855                    /usr/lib/libdrm_intel.so.1.0.0
7f42a6ce6000-7f42a6ee5000 ---p 00020000 08:04 1337855                    /usr/lib/libdrm_intel.so.1.0.0
7f42a6ee5000-7f42a6ee6000 r--p 0001f000 08:04 1337855                    /usr/lib/libdrm_intel.so.1.0.0
7f42a6ee6000-7f42a6ee7000 rw-p 00020000 08:04 1337855                    /usr/lib/libdrm_intel.so.1.0.0
7f42a6ee7000-7f42a6fbf000 r-xp 00000000 08:04 1321204                    /usr/lib/libgcrypt.so.20.0.4
7f42a6fbf000-7f42a71bf000 ---p 000d8000 08:04 1321204                    /usr/lib/libgcrypt.so.20.0.4
7f42a71bf000-7f42a71c0000 r--p 000d8000 08:04 1321204                    /usr/lib/libgcrypt.so.20.0.4
7f42a71c0000-7f42a71c8000 rw-p 000d9000 08:04 1321204                    /usr/lib/libgcrypt.so.20.0.4
7f42a71c8000-7f42a71c9000 rw-p 00000000 00:00 0 
7f42a71c9000-7f42a77a1000 r-xp 00000000 08:04 1578018                    /usr/lib/xorg/modules/dri/i965_dri.so
7f42a77a1000-7f42a79a0000 ---p 005d8000 08:04 1578018                    /usr/lib/xorg/modules/dri/i965_dri.so
7f42a79a0000-7f42a79d1000 r--p 005d7000 08:04 1578018                    /usr/lib/xorg/modules/dri/i965_dri.so
7f42a79d1000-7f42a79d8000 rw-p 00608000 08:04 1578018                    /usr/lib/xorg/modules/dri/i965_dri.so
7f42a79d8000-7f42a79e0000 rw-p 00000000 00:00 0 
7f42a79e0000-7f42a79e4000 r-xp 00000000 08:04 1317079                    /usr/lib/libattr.so.1.1.0
7f42a79e4000-7f42a7be3000 ---p 00004000 08:04 1317079                    /usr/lib/libattr.so.1.1.0
7f42a7be3000-7f42a7be4000 r--p 00003000 08:04 1317079                    /usr/lib/libattr.so.1.1.0
7f42a7be4000-7f42a7be5000 rw-p 00004000 08:04 1317079                    /usr/lib/libattr.so.1.1.0
7f42a7be5000-7f42a7bf9000 r-xp 00000000 08:04 1313974                    /usr/lib/libresolv-2.22.so
7f42a7bf9000-7f42a7df8000 ---p 00014000 08:04 1313974                    /usr/lib/libresolv-2.22.so
7f42a7df8000-7f42a7df9000 r--p 00013000 08:04 1313974                    /usr/lib/libresolv-2.22.so
7f42a7df9000-7f42a7dfa000 rw-p 00014000 08:04 1313974                    /usr/lib/libresolv-2.22.so
7f42a7dfa000-7f42a7dfc000 rw-p 00000000 00:00 0 
7f42a7dfc000-7f42a7e00000 r-xp 00000000 08:04 1317225                    /usr/lib/libcap.so.2.24
7f42a7e00000-7f42a7fff000 ---p 00004000 08:04 1317225                    /usr/lib/libcap.so.2.24
7f42a7fff000-7f42a8000000 rw-p 00003000 08:04 1317225                    /usr/lib/libcap.so.2.24
7f42a8000000-7f42a8021000 rw-p 00000000 00:00 0 
7f42a8021000-7f42ac000000 ---p 00000000 00:00 0 
7f42ac000000-7f42ae96c000 rw-p 00000000 00:00 0 
7f42ae96c000-7f42b0000000 ---p 00000000 00:00 0 
7f42b0000000-7f42b29bd000 rw-p 00000000 00:00 0 
7f42b29bd000-7f42b4000000 ---p 00000000 00:00 0 
7f42b4000000-7f42b4b11000 rw-p 00000000 00:00 0 
7f42b4b11000-7f42b8000000 ---p 00000000 00:00 0 
7f42b8000000-7f42b8021000 rw-p 00000000 00:00 0 
7f42b8021000-7f42bc000000 ---p 00000000 00:00 0 
7f42bc000000-7f42bc021000 rw-p 00000000 00:00 0 
7f42bc021000-7f42c0000000 ---p 00000000 00:00 0 
7f42c0000000-7f42c002a000 rw-p 00000000 00:00 0 
7f42c002a000-7f42c4000000 ---p 00000000 00:00 0 
7f42c4000000-7f42c4031000 rw-p 00000000 00:00 0 
7f42c4031000-7f42c8000000 ---p 00000000 00:00 0 
7f42c8000000-7f42c8021000 rw-p 00000000 00:00 0 
7f42c8021000-7f42cc000000 ---p 00000000 00:00 0 
7f42cc000000-7f42cc021000 rw-p 00000000 00:00 0 
7f42cc021000-7f42d0000000 ---p 00000000 00:00 0 
7f42d0000000-7f42d068f000 rw-p 00000000 00:00 0 
7f42d068f000-7f42d4000000 ---p 00000000 00:00 0 
7f42d4000000-7f42d4021000 rw-p 00000000 00:00 0 
7f42d4021000-7f42d8000000 ---p 00000000 00:00 0 
7f42d8000000-7f42d86cc000 rw-p 00000000 00:00 0 
7f42d86cc000-7f42dc000000 ---p 00000000 00:00 0 
7f42dc013000-7f42dc01d000 r--s 00000000 08:04 921642                     /var/cache/fontconfig/d62e99ef547d1d24cdb1bd22ec1a2976-le64.cache-4
7f42dc01d000-7f42dc032000 r--s 00000000 08:04 920377                     /var/cache/fontconfig/f6b893a7224233d96cb72fd88691c0b4-le64.cache-4
7f42dc032000-7f42dc0a5000 r--s 00000000 08:04 920375                     /var/cache/fontconfig/17090aa38d5c6f09fb8c5c354938f1d7-le64.cache-4
7f42dc0a5000-7f42dc118000 r--s 00000000 08:04 920372                     /var/cache/fontconfig/df311e82a1a24c41a75c2c930223552e-le64.cache-4
7f42dc138000-7f42dc13f000 r-xp 00000000 08:04 1448099                    /usr/lib/mesa/libGLESv2.so.2.0.0
7f42dc13f000-7f42dc33e000 ---p 00007000 08:04 1448099                    /usr/lib/mesa/libGLESv2.so.2.0.0
7f42dc33e000-7f42dc33f000 r--p 00006000 08:04 1448099                    /usr/lib/mesa/libGLESv2.so.2.0.0
7f42dc33f000-7f42dc340000 rw-p 00007000 08:04 1448099                    /usr/lib/mesa/libGLESv2.so.2.0.0
7f42dc340000-7f42dc386000 r-xp 00000000 00:24 621338                     /tmp/jogamp_0000/file_cache/jln126650439709953465/jln1515149931618939877/libjogl_mobile.so
7f42dc386000-7f42dc586000 ---p 00046000 00:24 621338                     /tmp/jogamp_0000/file_cache/jln126650439709953465/jln1515149931618939877/libjogl_mobile.so
7f42dc586000-7f42dc587000 rw-p 00046000 00:24 621338                     /tmp/jogamp_0000/file_cache/jln126650439709953465/jln1515149931618939877/libjogl_mobile.so
7f42dc587000-7f42dc58f000 r-xp 00000000 08:04 1324152                    /usr/lib/libffi.so.6.0.4
7f42dc58f000-7f42dc78e000 ---p 00008000 08:04 1324152                    /usr/lib/libffi.so.6.0.4
7f42dc78e000-7f42dc78f000 r--p 00007000 08:04 1324152                    /usr/lib/libffi.so.6.0.4
7f42dc78f000-7f42dc790000 rw-p 00008000 08:04 1324152                    /usr/lib/libffi.so.6.0.4
7f42dc790000-7f42dc79f000 r-xp 00000000 08:04 1334020                    /usr/lib/libwayland-server.so.0.1.0
7f42dc79f000-7f42dc99f000 ---p 0000f000 08:04 1334020                    /usr/lib/libwayland-server.so.0.1.0
7f42dc99f000-7f42dc9a1000 r--p 0000f000 08:04 1334020                    /usr/lib/libwayland-server.so.0.1.0
7f42dc9a1000-7f42dc9a2000 rw-p 00011000 08:04 1334020                    /usr/lib/libwayland-server.so.0.1.0
7f42dc9a2000-7f42dc9ae000 r-xp 00000000 08:04 1334021                    /usr/lib/libwayland-client.so.0.3.0
7f42dc9ae000-7f42dcbad000 ---p 0000c000 08:04 1334021                    /usr/lib/libwayland-client.so.0.3.0
7f42dcbad000-7f42dcbaf000 r--p 0000b000 08:04 1334021                    /usr/lib/libwayland-client.so.0.3.0
7f42dcbaf000-7f42dcbb0000 rw-p 0000d000 08:04 1334021                    /usr/lib/libwayland-client.so.0.3.0
7f42dcbb0000-7f42dcbbc000 r-xp 00000000 08:04 1338089                    /usr/lib/libgbm.so.1.0.0
7f42dcbbc000-7f42dcdbc000 ---p 0000c000 08:04 1338089                    /usr/lib/libgbm.so.1.0.0
7f42dcdbc000-7f42dcdbd000 r--p 0000c000 08:04 1338089                    /usr/lib/libgbm.so.1.0.0
7f42dcdbd000-7f42dcdbe000 rw-p 0000d000 08:04 1338089                    /usr/lib/libgbm.so.1.0.0
7f42dcdbe000-7f42dcde9000 r-xp 00000000 08:04 1448097                    /usr/lib/mesa/libEGL.so.1.0.0
7f42dcde9000-7f42dcfe9000 ---p 0002b000 08:04 1448097                    /usr/lib/mesa/libEGL.so.1.0.0
7f42dcfe9000-7f42dcfea000 r--p 0002b000 08:04 1448097                    /usr/lib/mesa/libEGL.so.1.0.0
7f42dcfea000-7f42dcfeb000 rw-p 0002c000 08:04 1448097                    /usr/lib/mesa/libEGL.so.1.0.0
7f42dcfeb000-7f42dcfef000 r-xp 00000000 08:04 1448098                    /usr/lib/mesa/libGLESv1_CM.so.1.1.0
7f42dcfef000-7f42dd1ee000 ---p 00004000 08:04 1448098                    /usr/lib/mesa/libGLESv1_CM.so.1.1.0
7f42dd1ee000-7f42dd1ef000 r--p 00003000 08:04 1448098                    /usr/lib/mesa/libGLESv1_CM.so.1.1.0
7f42dd1ef000-7f42dd1f0000 rw-p 00004000 08:04 1448098                    /usr/lib/mesa/libGLESv1_CM.so.1.1.0
7f42dd1f0000-7f42dd298000 r-xp 00000000 00:24 621337                     /tmp/jogamp_0000/file_cache/jln126650439709953465/jln1515149931618939877/libjogl_desktop.so
7f42dd298000-7f42dd498000 ---p 000a8000 00:24 621337                     /tmp/jogamp_0000/file_cache/jln126650439709953465/jln1515149931618939877/libjogl_desktop.so
7f42dd498000-7f42dd499000 rw-p 000a8000 00:24 621337                     /tmp/jogamp_0000/file_cache/jln126650439709953465/jln1515149931618939877/libjogl_desktop.so
7f42dd499000-7f42dd4a7000 r-xp 00000000 08:04 1337849                    /usr/lib/libdrm.so.2.4.0
7f42dd4a7000-7f42dd6a6000 ---p 0000e000 08:04 1337849                    /usr/lib/libdrm.so.2.4.0
7f42dd6a6000-7f42dd6a7000 r--p 0000d000 08:04 1337849                    /usr/lib/libdrm.so.2.4.0
7f42dd6a7000-7f42dd6a8000 rw-p 0000e000 08:04 1337849                    /usr/lib/libdrm.so.2.4.0
7f42dd6a8000-7f42dd6ac000 r-xp 00000000 08:04 1336626                    /usr/lib/libxcb-dri2.so.0.0.0
7f42dd6ac000-7f42dd8ab000 ---p 00004000 08:04 1336626                    /usr/lib/libxcb-dri2.so.0.0.0
7f42dd8ab000-7f42dd8ac000 r--p 00003000 08:04 1336626                    /usr/lib/libxcb-dri2.so.0.0.0
7f42dd8ac000-7f42dd8ad000 rw-p 00004000 08:04 1336626                    /usr/lib/libxcb-dri2.so.0.0.0
7f42dd8ad000-7f42dd8c4000 r-xp 00000000 08:04 1336600                    /usr/lib/libxcb-glx.so.0.0.0
7f42dd8c4000-7f42ddac4000 ---p 00017000 08:04 1336600                    /usr/lib/libxcb-glx.so.0.0.0
7f42ddac4000-7f42ddac6000 r--p 00017000 08:04 1336600                    /usr/lib/libxcb-glx.so.0.0.0
7f42ddac6000-7f42ddac7000 rw-p 00019000 08:04 1336600                    /usr/lib/libxcb-glx.so.0.0.0
7f42ddac7000-7f42ddac8000 r-xp 00000000 08:04 1336696                    /usr/lib/libX11-xcb.so.1.0.0
7f42ddac8000-7f42ddcc7000 ---p 00001000 08:04 1336696                    /usr/lib/libX11-xcb.so.1.0.0
7f42ddcc7000-7f42ddcc8000 r--p 00000000 08:04 1336696                    /usr/lib/libX11-xcb.so.1.0.0
7f42ddcc8000-7f42ddcc9000 rw-p 00001000 08:04 1336696                    /usr/lib/libX11-xcb.so.1.0.0
7f42ddcc9000-7f42ddccb000 r-xp 00000000 08:04 1337932                    /usr/lib/libXdamage.so.1.1.0
7f42ddccb000-7f42ddeca000 ---p 00002000 08:04 1337932                    /usr/lib/libXdamage.so.1.1.0
7f42ddeca000-7f42ddecb000 r--p 00001000 08:04 1337932                    /usr/lib/libXdamage.so.1.1.0
7f42ddecb000-7f42ddecc000 rw-p 00002000 08:04 1337932                    /usr/lib/libXdamage.so.1.1.0
7f42ddecc000-7f42ddef5000 r-xp 00000000 08:04 1338090                    /usr/lib/libglapi.so.0.0.0
7f42ddef5000-7f42de0f4000 ---p 00029000 08:04 1338090                    /usr/lib/libglapi.so.0.0.0
7f42de0f4000-7f42de0f8000 r--p 00028000 08:04 1338090                    /usr/lib/libglapi.so.0.0.0
7f42de0f8000-7f42de0f9000 rw-p 0002c000 08:04 1338090                    /usr/lib/libglapi.so.0.0.0
7f42de0f9000-7f42de0fa000 rw-p 00000000 00:00 0 
7f42de0fa000-7f42de0fb000 r-xp 00000000 08:04 1337936                    /usr/lib/libxshmfence.so.1.0.0
7f42de0fb000-7f42de2fb000 ---p 00001000 08:04 1337936                    /usr/lib/libxshmfence.so.1.0.0
7f42de2fb000-7f42de2fc000 r--p 00001000 08:04 1337936                    /usr/lib/libxshmfence.so.1.0.0
7f42de2fc000-7f42de2fd000 rw-p 00002000 08:04 1337936                    /usr/lib/libxshmfence.so.1.0.0
7f42de2fd000-7f42de302000 r-xp 00000000 08:04 1336642                    /usr/lib/libxcb-sync.so.1.0.0
7f42de302000-7f42de502000 ---p 00005000 08:04 1336642                    /usr/lib/libxcb-sync.so.1.0.0
7f42de502000-7f42de503000 r--p 00005000 08:04 1336642                    /usr/lib/libxcb-sync.so.1.0.0
7f42de503000-7f42de504000 rw-p 00006000 08:04 1336642                    /usr/lib/libxcb-sync.so.1.0.0
7f42de504000-7f42de507000 r-xp 00000000 08:04 1336611                    /usr/lib/libxcb-shape.so.0.0.0
7f42de507000-7f42de706000 ---p 00003000 08:04 1336611                    /usr/lib/libxcb-shape.so.0.0.0
7f42de706000-7f42de707000 r--p 00002000 08:04 1336611                    /usr/lib/libxcb-shape.so.0.0.0
7f42de707000-7f42de708000 rw-p 00003000 08:04 1336611                    /usr/lib/libxcb-shape.so.0.0.0
7f42de708000-7f42de711000 r-xp 00000000 08:04 1336596                    /usr/lib/libxcb-render.so.0.0.0
7f42de711000-7f42de910000 ---p 00009000 08:04 1336596                    /usr/lib/libxcb-render.so.0.0.0
7f42de910000-7f42de911000 r--p 00008000 08:04 1336596                    /usr/lib/libxcb-render.so.0.0.0
7f42de911000-7f42de912000 rw-p 00009000 08:04 1336596                    /usr/lib/libxcb-render.so.0.0.0
7f42de912000-7f42de918000 r-xp 00000000 08:04 1336593                    /usr/lib/libxcb-xfixes.so.0.0.0
7f42de918000-7f42deb18000 ---p 00006000 08:04 1336593                    /usr/lib/libxcb-xfixes.so.0.0.0
7f42deb18000-7f42deb19000 r--p 00006000 08:04 1336593                    /usr/lib/libxcb-xfixes.so.0.0.0
7f42deb19000-7f42deb1a000 rw-p 00007000 08:04 1336593                    /usr/lib/libxcb-xfixes.so.0.0.0
7f42deb1a000-7f42deb27000 r-xp 00000000 08:04 1336650                    /usr/lib/libxcb-randr.so.0.1.0
7f42deb27000-7f42ded26000 ---p 0000d000 08:04 1336650                    /usr/lib/libxcb-randr.so.0.1.0
7f42ded26000-7f42ded27000 r--p 0000c000 08:04 1336650                    /usr/lib/libxcb-randr.so.0.1.0
7f42ded27000-7f42ded28000 rw-p 0000d000 08:04 1336650                    /usr/lib/libxcb-randr.so.0.1.0
7f42ded28000-7f42ded2a000 r-xp 00000000 08:04 1336629                    /usr/lib/libxcb-present.so.0.0.0
7f42ded2a000-7f42def29000 ---p 00002000 08:04 1336629                    /usr/lib/libxcb-present.so.0.0.0
7f42def29000-7f42def2a000 r--p 00001000 08:04 1336629                    /usr/lib/libxcb-present.so.0.0.0
7f42def2a000-7f42def2b000 rw-p 00002000 08:04 1336629                    /usr/lib/libxcb-present.so.0.0.0
7f42def2b000-7f42def2d000 r-xp 00000000 08:04 1336601                    /usr/lib/libxcb-dri3.so.0.0.0
7f42def2d000-7f42df12c000 ---p 00002000 08:04 1336601                    /usr/lib/libxcb-dri3.so.0.0.0
7f42df12c000-7f42df12d000 r--p 00001000 08:04 1336601                    /usr/lib/libxcb-dri3.so.0.0.0
7f42df12d000-7f42df12e000 rw-p 00002000 08:04 1336601                    /usr/lib/libxcb-dri3.so.0.0.0
7f42df12e000-7f42df155000 r-xp 00000000 08:04 1321310                    /usr/lib/libexpat.so.1.6.0
7f42df155000-7f42df354000 ---p 00027000 08:04 1321310                    /usr/lib/libexpat.so.1.6.0
7f42df354000-7f42df357000 r--p 00026000 08:04 1321310                    /usr/lib/libexpat.so.1.6.0
7f42df357000-7f42df358000 rw-p 00029000 08:04 1321310                    /usr/lib/libexpat.so.1.6.0
7f42df358000-7f42df3ed000 r-xp 00000000 08:04 1448096                    /usr/lib/mesa/libGL.so.1.2.0
7f42df3ed000-7f42df5ec000 ---p 00095000 08:04 1448096                    /usr/lib/mesa/libGL.so.1.2.0
7f42df5ec000-7f42df5ef000 r--p 00094000 08:04 1448096                    /usr/lib/mesa/libGL.so.1.2.0
7f42df5ef000-7f42df5f0000 rw-p 00097000 08:04 1448096                    /usr/lib/mesa/libGL.so.1.2.0
7f42df5f0000-7f42df7f1000 rw-p 00000000 00:00 0 
7f42df7f1000-7f42df9f1000 rw-p 00000000 00:00 0 
7f42df9f1000-7f42df9f8000 r-xp 00000000 00:24 621340                     /tmp/jogamp_0000/file_cache/jln126650439709953465/jln1515149931618939877/libnativewindow_x11.so
7f42df9f8000-7f42dfbf7000 ---p 00007000 00:24 621340                     /tmp/jogamp_0000/file_cache/jln126650439709953465/jln1515149931618939877/libnativewindow_x11.so
7f42dfbf7000-7f42dfbf8000 rw-p 00006000 00:24 621340                     /tmp/jogamp_0000/file_cache/jln126650439709953465/jln1515149931618939877/libnativewindow_x11.so
7f42dfbf8000-7f42dfbfd000 r-xp 00000000 08:04 1337921                    /usr/lib/libXxf86vm.so.1.0.0
7f42dfbfd000-7f42dfdfc000 ---p 00005000 08:04 1337921                    /usr/lib/libXxf86vm.so.1.0.0
7f42dfdfc000-7f42dfdfd000 r--p 00004000 08:04 1337921                    /usr/lib/libXxf86vm.so.1.0.0
7f42dfdfd000-7f42dfdfe000 rw-p 00005000 08:04 1337921                    /usr/lib/libXxf86vm.so.1.0.0
7f42dfdfe000-7f42dfe00000 r-xp 00000000 00:24 621339                     /tmp/jogamp_0000/file_cache/jln126650439709953465/jln1515149931618939877/libnativewindow_awt.so
7f42dfe00000-7f42dffff000 ---p 00002000 00:24 621339                     /tmp/jogamp_0000/file_cache/jln126650439709953465/jln1515149931618939877/libnativewindow_awt.so
7f42dffff000-7f42e0000000 rw-p 00001000 00:24 621339                     /tmp/jogamp_0000/file_cache/jln126650439709953465/jln1515149931618939877/libnativewindow_awt.so
7f42e0000000-7f42e0021000 rw-p 00000000 00:00 0 
7f42e0021000-7f42e4000000 ---p 00000000 00:00 0 
7f42e4000000-7f42e4577000 rw-p 00000000 00:00 0 
7f42e4577000-7f42e8000000 ---p 00000000 00:00 0 
7f42e8000000-7f42e8021000 rw-p 00000000 00:00 0 
7f42e8021000-7f42ec000000 ---p 00000000 00:00 0 
7f42ec000000-7f42ec021000 rw-p 00000000 00:00 0 
7f42ec021000-7f42f0000000 ---p 00000000 00:00 0 
7f42f0000000-7f42f0021000 rw-p 00000000 00:00 0 
7f42f0021000-7f42f4000000 ---p 00000000 00:00 0 
7f42f403f000-7f42f4040000 r-xp 00000000 08:04 1731297                    /usr/lib/jvm/java-8-jdk/jre/lib/amd64/libjawt.so
7f42f4040000-7f42f423f000 ---p 00001000 08:04 1731297                    /usr/lib/jvm/java-8-jdk/jre/lib/amd64/libjawt.so
7f42f423f000-7f42f4240000 rw-p 00000000 08:04 1731297                    /usr/lib/jvm/java-8-jdk/jre/lib/amd64/libjawt.so
7f42f4240000-7f42f8000000 rw-p 00000000 00:00 0 
7f42f8000000-7f42f8021000 rw-p 00000000 00:00 0 
7f42f8021000-7f42fc000000 ---p 00000000 00:00 0 
7f42fc005000-7f42fc00e000 r--s 00000000 08:04 920376                     /var/cache/fontconfig/f349e9996a5320f6dd491cedd2b1f964-le64.cache-4
7f42fc119000-7f42fc135000 r--s 00393000 08:04 1462014                    /usr/lib/jvm/java-8-jdk/jre/lib/ext/cldrdata.jar
7f42fc135000-7f42fc153000 r-xp 00000000 08:04 1321292                    /usr/lib/libudev.so.1.6.4
7f42fc153000-7f42fc154000 r--p 0001d000 08:04 1321292                    /usr/lib/libudev.so.1.6.4
7f42fc154000-7f42fc155000 rw-p 0001e000 08:04 1321292                    /usr/lib/libudev.so.1.6.4
7f42fc155000-7f42fc15f000 r--s 00116000 08:04 1462022                    /usr/lib/jvm/java-8-jdk/jre/lib/ext/localedata.jar
7f42fc15f000-7f42fc167000 rw-s 00000000 00:05 621386                     /drm mm object (deleted)
7f42fc167000-7f42fc16f000 rw-s 00000000 00:05 621360                     /drm mm object (deleted)
7f42fc16f000-7f42fc177000 rw-s 00000000 00:05 621389                     /drm mm object (deleted)
7f42fc177000-7f42fc17f000 rw-s 00000000 00:05 621349                     /drm mm object (deleted)
7f42fc17f000-7f42fc187000 rw-s 00000000 00:05 622793                     /drm mm object (deleted)
7f42fc187000-7f42fc189000 r-xp 00000000 00:24 621336                     /tmp/jogamp_0000/file_cache/jln126650439709953465/jln1515149931618939877/libgluegen-rt.so
7f42fc189000-7f42fc389000 ---p 00002000 00:24 621336                     /tmp/jogamp_0000/file_cache/jln126650439709953465/jln1515149931618939877/libgluegen-rt.so
7f42fc389000-7f42fc38a000 rw-p 00002000 00:24 621336                     /tmp/jogamp_0000/file_cache/jln126650439709953465/jln1515149931618939877/libgluegen-rt.so
7f42fc38a000-7f42fc38d000 ---p 00000000 00:00 0 
7f42fc38d000-7f42fc48b000 rw-p 00000000 00:00 0                          [stack:933]
7f42fc48b000-7f42fc49c000 r-xp 00000000 08:04 1731299                    /usr/lib/jvm/java-8-jdk/jre/lib/amd64/libnio.so
7f42fc49c000-7f42fc69b000 ---p 00011000 08:04 1731299                    /usr/lib/jvm/java-8-jdk/jre/lib/amd64/libnio.so
7f42fc69b000-7f42fc69c000 rw-p 00010000 08:04 1731299                    /usr/lib/jvm/java-8-jdk/jre/lib/amd64/libnio.so
7f42fc69c000-7f42fc6b2000 r-xp 00000000 08:04 1731333                    /usr/lib/jvm/java-8-jdk/jre/lib/amd64/libnet.so
7f42fc6b2000-7f42fc8b2000 ---p 00016000 08:04 1731333                    /usr/lib/jvm/java-8-jdk/jre/lib/amd64/libnet.so
7f42fc8b2000-7f42fc8b3000 rw-p 00016000 08:04 1731333                    /usr/lib/jvm/java-8-jdk/jre/lib/amd64/libnet.so
7f42fc8b3000-7f42fcab3000 rw-p 00000000 00:00 0 
7f42fcab3000-7f42fcab6000 ---p 00000000 00:00 0 
7f42fcab6000-7f42fcbb4000 rw-p 00000000 00:00 0                          [stack:926]
7f42fcbb4000-7f42fcbb7000 ---p 00000000 00:00 0 
7f42fcbb7000-7f42fccb5000 rw-p 00000000 00:00 0                          [stack:925]
7f42fccb5000-7f42fccb8000 ---p 00000000 00:00 0 
7f42fccb8000-7f42fcdb6000 rw-p 00000000 00:00 0                          [stack:924]
7f42fcdb6000-7f42fcdb9000 ---p 00000000 00:00 0 
7f42fcdb9000-7f42fceb7000 rw-p 00000000 00:00 0 
7f42fceb7000-7f42fceba000 ---p 00000000 00:00 0 
7f42fceba000-7f42fd1b8000 rw-p 00000000 00:00 0 
7f42fd1b8000-7f42fd1bb000 ---p 00000000 00:00 0 
7f42fd1bb000-7f42fd2b9000 rw-p 00000000 00:00 0                          [stack:921]
7f42fd2b9000-7f42fd2be000 r-xp 00000000 08:04 1337926                    /usr/lib/libXfixes.so.3.1.0
7f42fd2be000-7f42fd4bd000 ---p 00005000 08:04 1337926                    /usr/lib/libXfixes.so.3.1.0
7f42fd4bd000-7f42fd4be000 r--p 00004000 08:04 1337926                    /usr/lib/libXfixes.so.3.1.0
7f42fd4be000-7f42fd4bf000 rw-p 00005000 08:04 1337926                    /usr/lib/libXfixes.so.3.1.0
7f42fd4bf000-7f42fd4c9000 r-xp 00000000 08:04 1338443                    /usr/lib/libXcursor.so.1.0.2
7f42fd4c9000-7f42fd6c8000 ---p 0000a000 08:04 1338443                    /usr/lib/libXcursor.so.1.0.2
7f42fd6c8000-7f42fd6c9000 r--p 00009000 08:04 1338443                    /usr/lib/libXcursor.so.1.0.2
7f42fd6c9000-7f42fd6ca000 rw-p 0000a000 08:04 1338443                    /usr/lib/libXcursor.so.1.0.2
7f42fd6ca000-7f42fd6cd000 ---p 00000000 00:00 0 
7f42fd6cd000-7f42fd7cb000 rw-p 00000000 00:00 0                          [stack:920]
7f42fd7cb000-7f42fd7e1000 r-xp 00000000 08:04 1314245                    /usr/lib/libgcc_s.so.1
7f42fd7e1000-7f42fd9e0000 ---p 00016000 08:04 1314245                    /usr/lib/libgcc_s.so.1
7f42fd9e0000-7f42fd9e1000 rw-p 00015000 08:04 1314245                    /usr/lib/libgcc_s.so.1
7f42fd9e1000-7f42fda46000 r-xp 00000000 08:04 1731338                    /usr/lib/jvm/java-8-jdk/jre/lib/amd64/libfontmanager.so
7f42fda46000-7f42fdc46000 ---p 00065000 08:04 1731338                    /usr/lib/jvm/java-8-jdk/jre/lib/amd64/libfontmanager.so
7f42fdc46000-7f42fdc4a000 rw-p 00065000 08:04 1731338                    /usr/lib/jvm/java-8-jdk/jre/lib/amd64/libfontmanager.so
7f42fdc4a000-7f42fdc5b000 rw-p 00000000 00:00 0 
7f42fdc5b000-7f42fdc60000 r-xp 00000000 08:04 1334320                    /usr/lib/libXdmcp.so.6.0.0
7f42fdc60000-7f42fde5f000 ---p 00005000 08:04 1334320                    /usr/lib/libXdmcp.so.6.0.0
7f42fde5f000-7f42fde60000 r--p 00004000 08:04 1334320                    /usr/lib/libXdmcp.so.6.0.0
7f42fde60000-7f42fde61000 rw-p 00005000 08:04 1334320                    /usr/lib/libXdmcp.so.6.0.0
7f42fde61000-7f42fde63000 r-xp 00000000 08:04 1334324                    /usr/lib/libXau.so.6.0.0
7f42fde63000-7f42fe063000 ---p 00002000 08:04 1334324                    /usr/lib/libXau.so.6.0.0
7f42fe063000-7f42fe064000 r--p 00002000 08:04 1334324                    /usr/lib/libXau.so.6.0.0
7f42fe064000-7f42fe065000 rw-p 00003000 08:04 1334324                    /usr/lib/libXau.so.6.0.0
7f42fe065000-7f42fe086000 r-xp 00000000 08:04 1336614                    /usr/lib/libxcb.so.1.1.0
7f42fe086000-7f42fe286000 ---p 00021000 08:04 1336614                    /usr/lib/libxcb.so.1.1.0
7f42fe286000-7f42fe287000 r--p 00021000 08:04 1336614                    /usr/lib/libxcb.so.1.1.0
7f42fe287000-7f42fe288000 rw-p 00022000 08:04 1336614                    /usr/lib/libxcb.so.1.1.0
7f42fe288000-7f42fe297000 r-xp 00000000 08:04 1338963                    /usr/lib/libXi.so.6.1.0
7f42fe297000-7f42fe496000 ---p 0000f000 08:04 1338963                    /usr/lib/libXi.so.6.1.0
7f42fe496000-7f42fe497000 r--p 0000e000 08:04 1338963                    /usr/lib/libXi.so.6.1.0
7f42fe497000-7f42fe498000 rw-p 0000f000 08:04 1338963                    /usr/lib/libXi.so.6.1.0
7f42fe498000-7f42fe49d000 r-xp 00000000 08:04 1339125                    /usr/lib/libXtst.so.6.1.0
7f42fe49d000-7f42fe69c000 ---p 00005000 08:04 1339125                    /usr/lib/libXtst.so.6.1.0
7f42fe69c000-7f42fe69d000 r--p 00004000 08:04 1339125                    /usr/lib/libXtst.so.6.1.0
7f42fe69d000-7f42fe69e000 rw-p 00005000 08:04 1339125                    /usr/lib/libXtst.so.6.1.0
7f42fe69e000-7f42fe6a7000 r-xp 00000000 08:04 1337520                    /usr/lib/libXrender.so.1.3.0
7f42fe6a7000-7f42fe8a6000 ---p 00009000 08:04 1337520                    /usr/lib/libXrender.so.1.3.0
7f42fe8a6000-7f42fe8a7000 r--p 00008000 08:04 1337520                    /usr/lib/libXrender.so.1.3.0
7f42fe8a7000-7f42fe8a8000 rw-p 00009000 08:04 1337520                    /usr/lib/libXrender.so.1.3.0
7f42fe8a8000-7f42fe9e3000 r-xp 00000000 08:04 1336695                    /usr/lib/libX11.so.6.3.0
7f42fe9e3000-7f42febe2000 ---p 0013b000 08:04 1336695                    /usr/lib/libX11.so.6.3.0
7f42febe2000-7f42febe4000 r--p 0013a000 08:04 1336695                    /usr/lib/libX11.so.6.3.0
7f42febe4000-7f42febe9000 rw-p 0013c000 08:04 1336695                    /usr/lib/libX11.so.6.3.0
7f42febe9000-7f42febea000 rw-p 00000000 00:00 0 
7f42febea000-7f42febfb000 r-xp 00000000 08:04 1337586                    /usr/lib/libXext.so.6.4.0
7f42febfb000-7f42fedfa000 ---p 00011000 08:04 1337586                    /usr/lib/libXext.so.6.4.0
7f42fedfa000-7f42fedfb000 r--p 00010000 08:04 1337586                    /usr/lib/libXext.so.6.4.0
7f42fedfb000-7f42fedfc000 rw-p 00011000 08:04 1337586                    /usr/lib/libXext.so.6.4.0
7f42fedfc000-7f42fee50000 r-xp 00000000 08:04 1731334                    /usr/lib/jvm/java-8-jdk/jre/lib/amd64/libawt_xawt.so
7f42fee50000-7f42ff050000 ---p 00054000 08:04 1731334                    /usr/lib/jvm/java-8-jdk/jre/lib/amd64/libawt_xawt.so
7f42ff050000-7f42ff054000 rw-p 00054000 08:04 1731334                    /usr/lib/jvm/java-8-jdk/jre/lib/amd64/libawt_xawt.so
7f42ff054000-7f42ff055000 rw-p 00000000 00:00 0 
7f42ff055000-7f42ff0f7000 r-xp 00000000 08:04 1731303                    /usr/lib/jvm/java-8-jdk/jre/lib/amd64/libawt.so
7f42ff0f7000-7f42ff2f7000 ---p 000a2000 08:04 1731303                    /usr/lib/jvm/java-8-jdk/jre/lib/amd64/libawt.so
7f42ff2f7000-7f42ff303000 rw-p 000a2000 08:04 1731303                    /usr/lib/jvm/java-8-jdk/jre/lib/amd64/libawt.so
7f42ff303000-7f42ff327000 rw-p 00000000 00:00 0 
7f42ff327000-7f42ff328000 ---p 00000000 00:00 0 
7f42ff328000-7f42ff428000 rw-p 00000000 00:00 0                          [stack:919]
7f42ff428000-7f42ff42b000 ---p 00000000 00:00 0 
7f42ff42b000-7f42ff529000 rw-p 00000000 00:00 0                          [stack:918]
7f42ff529000-7f42ff52c000 ---p 00000000 00:00 0 
7f42ff52c000-7f42ff62a000 rw-p 00000000 00:00 0                          [stack:917]
7f42ff62a000-7f42ff62d000 ---p 00000000 00:00 0 
7f42ff62d000-7f42ff72b000 rw-p 00000000 00:00 0                          [stack:916]
7f42ff72b000-7f42ff72e000 ---p 00000000 00:00 0 
7f42ff72e000-7f42ff82c000 rw-p 00000000 00:00 0                          [stack:915]
7f42ff82c000-7f42ff82f000 ---p 00000000 00:00 0 
7f42ff82f000-7f42ff92d000 rw-p 00000000 00:00 0                          [stack:914]
7f42ff92d000-7f42ffafb000 r--p 00000000 08:04 1333365                    /usr/lib/locale/locale-archive
7f42ffafb000-7f42ffafe000 ---p 00000000 00:00 0 
7f42ffafe000-7f42ffbfc000 rw-p 00000000 00:00 0                          [stack:913]
7f42ffbfc000-7f42ffbff000 ---p 00000000 00:00 0 
7f42ffbff000-7f42ffcfd000 rw-p 00000000 00:00 0                          [stack:912]
7f42ffcfd000-7f42ffcfe000 ---p 00000000 00:00 0 
7f42ffcfe000-7f4300000000 rw-p 00000000 00:00 0                          [stack:911]
7f4300000000-7f4300021000 rw-p 00000000 00:00 0 
7f4300021000-7f4304000000 ---p 00000000 00:00 0 
7f4304000000-7f4304021000 rw-p 00000000 00:00 0 
7f4304021000-7f4308000000 ---p 00000000 00:00 0 
7f4308000000-7f4308021000 rw-p 00000000 00:00 0 
7f4308021000-7f430c000000 ---p 00000000 00:00 0 
7f430c001000-7f430c002000 rw-p 00000000 00:00 0 
7f430c002000-7f430c004000 r--s 00000000 08:04 922993                     /var/cache/fontconfig/ec648e9a1aea82bddd4bd6050028158d-le64.cache-4
7f430c004000-7f430c005000 rw-s 104707000 00:06 39                        /dev/dri/card0
7f430c005000-7f430c006000 rwxp 00000000 00:00 0 
7f430c006000-7f430c007000 rw-s 00000000 00:05 622790                     /drm mm object (deleted)
7f430c007000-7f430c00f000 rw-s 00000000 00:05 622788                     /drm mm object (deleted)
7f430c00f000-7f430c012000 ---p 00000000 00:00 0 
7f430c012000-7f430c048000 rw-p 00000000 00:00 0                          [stack:929]
7f430c048000-7f430c049000 r--p 00000000 00:00 0 
7f430c049000-7f430c04e000 r--s 00096000 08:04 1461995                    /usr/lib/jvm/java-8-jdk/jre/lib/jsse.jar
7f430c04e000-7f430c04f000 rw-s 104706000 00:06 39                        /dev/dri/card0
7f430c04f000-7f430c052000 r--s 00017000 08:07 804743                     /home/noah/Development/CS1610/DJ_Fourier/lib/tritonus_share.jar
7f430c052000-7f430c055000 r--s 00016000 08:07 804638                     /home/noah/Development/CS1610/DJ_Fourier/lib/minim.jar
7f430c055000-7f430c057000 r--s 0000a000 08:07 804637                     /home/noah/Development/CS1610/DJ_Fourier/lib/jsminim.jar
7f430c057000-7f430c05a000 r--s 00017000 08:07 804636                     /home/noah/Development/CS1610/DJ_Fourier/lib/jl1.0.jar
7f430c05a000-7f430c060000 r--s 00041000 08:07 804622                     /home/noah/Development/CS1610/DJ_Fourier/lib/gluegen-rt.jar
7f430c060000-7f430c064000 r--s 0003d000 08:07 1188623                    /home/noah/Development/CS1610/DJ_Fourier/lib/controlP5.jar
7f430c064000-7f430c085000 r--s 002d0000 08:07 804624                     /home/noah/Development/CS1610/DJ_Fourier/lib/jogl-all.jar
7f430c085000-7f430c089000 r--s 00097000 08:07 804621                     /home/noah/Development/CS1610/DJ_Fourier/lib/core.jar
7f430c089000-7f430ce27000 rw-p 00000000 00:00 0 
7f430ce27000-7f430d000000 r--s 03d20000 08:04 1462000                    /usr/lib/jvm/java-8-jdk/jre/lib/rt.jar
7f430d000000-7f430d850000 rwxp 00000000 00:00 0 
7f430d850000-7f431c000000 ---p 00000000 00:00 0 
7f431c000000-7f431c570000 rw-p 00000000 00:00 0 
7f431c570000-7f4320000000 ---p 00000000 00:00 0 
7f4320000000-7f4320001000 r--s 00002000 08:07 804647                     /home/noah/Development/CS1610/DJ_Fourier/lib/tritonus_aos.jar
7f4320001000-7f4320c74000 rw-p 00000000 00:00 0 
7f4320c74000-7f4320c75000 ---p 00000000 00:00 0 
7f4320c75000-7f4320d75000 rw-p 00000000 00:00 0                          [stack:910]
7f4320d75000-7f4320d76000 ---p 00000000 00:00 0 
7f4320d76000-7f4320e76000 rw-p 00000000 00:00 0                          [stack:909]
7f4320e76000-7f4320e77000 ---p 00000000 00:00 0 
7f4320e77000-7f4320f77000 rw-p 00000000 00:00 0                          [stack:908]
7f4320f77000-7f4320f78000 ---p 00000000 00:00 0 
7f4320f78000-7f43210a2000 rw-p 00000000 00:00 0                          [stack:907]
7f43210a2000-7f432130b000 ---p 00000000 00:00 0 
7f432130b000-7f4321335000 rw-p 00000000 00:00 0 
7f4321335000-7f432159d000 ---p 00000000 00:00 0 
7f432159d000-7f43215b3000 rw-p 00000000 00:00 0 
7f43215b3000-7f43216e7000 ---p 00000000 00:00 0 
7f43216e7000-7f432170a000 rw-p 00000000 00:00 0 
7f432170a000-7f4321aa8000 ---p 00000000 00:00 0 
7f4321aa8000-7f4321ac2000 r-xp 00000000 08:04 1731310                    /usr/lib/jvm/java-8-jdk/jre/lib/amd64/libzip.so
7f4321ac2000-7f4321cc2000 ---p 0001a000 08:04 1731310                    /usr/lib/jvm/java-8-jdk/jre/lib/amd64/libzip.so
7f4321cc2000-7f4321cc3000 rw-p 0001a000 08:04 1731310                    /usr/lib/jvm/java-8-jdk/jre/lib/amd64/libzip.so
7f4321cc3000-7f4321cce000 r-xp 00000000 08:04 1313967                    /usr/lib/libnss_files-2.22.so
7f4321cce000-7f4321ecd000 ---p 0000b000 08:04 1313967                    /usr/lib/libnss_files-2.22.so
7f4321ecd000-7f4321ece000 r--p 0000a000 08:04 1313967                    /usr/lib/libnss_files-2.22.so
7f4321ece000-7f4321ecf000 rw-p 0000b000 08:04 1313967                    /usr/lib/libnss_files-2.22.so
7f4321ecf000-7f4321ed5000 rw-p 00000000 00:00 0 
7f4321ed5000-7f4321eff000 r-xp 00000000 08:04 1731336                    /usr/lib/jvm/java-8-jdk/jre/lib/amd64/libjava.so
7f4321eff000-7f43220ff000 ---p 0002a000 08:04 1731336                    /usr/lib/jvm/java-8-jdk/jre/lib/amd64/libjava.so
7f43220ff000-7f4322101000 rw-p 0002a000 08:04 1731336                    /usr/lib/jvm/java-8-jdk/jre/lib/amd64/libjava.so
7f4322101000-7f432210e000 r-xp 00000000 08:04 1731324                    /usr/lib/jvm/java-8-jdk/jre/lib/amd64/libverify.so
7f432210e000-7f432230e000 ---p 0000d000 08:04 1731324                    /usr/lib/jvm/java-8-jdk/jre/lib/amd64/libverify.so
7f432230e000-7f4322310000 rw-p 0000d000 08:04 1731324                    /usr/lib/jvm/java-8-jdk/jre/lib/amd64/libverify.so
7f4322310000-7f4322317000 r-xp 00000000 08:04 1313975                    /usr/lib/librt-2.22.so
7f4322317000-7f4322516000 ---p 00007000 08:04 1313975                    /usr/lib/librt-2.22.so
7f4322516000-7f4322517000 r--p 00006000 08:04 1313975                    /usr/lib/librt-2.22.so
7f4322517000-7f4322518000 rw-p 00007000 08:04 1313975                    /usr/lib/librt-2.22.so
7f4322518000-7f4322615000 r-xp 00000000 08:04 1313972                    /usr/lib/libm-2.22.so
7f4322615000-7f4322814000 ---p 000fd000 08:04 1313972                    /usr/lib/libm-2.22.so
7f4322814000-7f4322815000 r--p 000fc000 08:04 1313972                    /usr/lib/libm-2.22.so
7f4322815000-7f4322816000 rw-p 000fd000 08:04 1313972                    /usr/lib/libm-2.22.so
7f4322816000-7f43234d4000 r-xp 00000000 08:04 1731358                    /usr/lib/jvm/java-8-jdk/jre/lib/amd64/server/libjvm.so
7f43234d4000-7f43236d3000 ---p 00cbe000 08:04 1731358                    /usr/lib/jvm/java-8-jdk/jre/lib/amd64/server/libjvm.so
7f43236d3000-7f43237ac000 rw-p 00cbd000 08:04 1731358                    /usr/lib/jvm/java-8-jdk/jre/lib/amd64/server/libjvm.so
7f43237ac000-7f43237f0000 rw-p 00000000 00:00 0 
7f43237f0000-7f432398b000 r-xp 00000000 08:04 1313922                    /usr/lib/libc-2.22.so
7f432398b000-7f4323b8a000 ---p 0019b000 08:04 1313922                    /usr/lib/libc-2.22.so
7f4323b8a000-7f4323b8e000 r--p 0019a000 08:04 1313922                    /usr/lib/libc-2.22.so
7f4323b8e000-7f4323b90000 rw-p 0019e000 08:04 1313922                    /usr/lib/libc-2.22.so
7f4323b90000-7f4323b94000 rw-p 00000000 00:00 0 
7f4323b94000-7f4323b97000 r-xp 00000000 08:04 1313971                    /usr/lib/libdl-2.22.so
7f4323b97000-7f4323d96000 ---p 00003000 08:04 1313971                    /usr/lib/libdl-2.22.so
7f4323d96000-7f4323d97000 r--p 00002000 08:04 1313971                    /usr/lib/libdl-2.22.so
7f4323d97000-7f4323d98000 rw-p 00003000 08:04 1313971                    /usr/lib/libdl-2.22.so
7f4323d98000-7f4323dad000 r-xp 00000000 08:04 1731356                    /usr/lib/jvm/java-8-jdk/jre/lib/amd64/jli/libjli.so
7f4323dad000-7f4323fad000 ---p 00015000 08:04 1731356                    /usr/lib/jvm/java-8-jdk/jre/lib/amd64/jli/libjli.so
7f4323fad000-7f4323fae000 rw-p 00015000 08:04 1731356                    /usr/lib/jvm/java-8-jdk/jre/lib/amd64/jli/libjli.so
7f4323fae000-7f4323fc6000 r-xp 00000000 08:04 1313903                    /usr/lib/libpthread-2.22.so
7f4323fc6000-7f43241c5000 ---p 00018000 08:04 1313903                    /usr/lib/libpthread-2.22.so
7f43241c5000-7f43241c6000 r--p 00017000 08:04 1313903                    /usr/lib/libpthread-2.22.so
7f43241c6000-7f43241c7000 rw-p 00018000 08:04 1313903                    /usr/lib/libpthread-2.22.so
7f43241c7000-7f43241cb000 rw-p 00000000 00:00 0 
7f43241cb000-7f43241ed000 r-xp 00000000 08:04 1313921                    /usr/lib/ld-2.22.so
7f43241ed000-7f43241ee000 r--s 00005000 08:07 804639                     /home/noah/Development/CS1610/DJ_Fourier/lib/mp3spi1.9.4.jar
7f43241ee000-7f43241ef000 r--s 00031000 08:07 804625                     /home/noah/Development/CS1610/DJ_Fourier/lib/jogl-all-natives-linux-amd64.jar
7f43241ef000-7f43242b4000 rw-p 00000000 00:00 0 
7f43242b4000-7f43242b7000 ---p 00000000 00:00 0 
7f43242b7000-7f43243b9000 rw-p 00000000 00:00 0                          [stack:903]
7f43243b9000-7f43243ba000 r--s 00000000 08:07 804623                     /home/noah/Development/CS1610/DJ_Fourier/lib/gluegen-rt-natives-linux-amd64.jar
7f43243ba000-7f43243e1000 rw-p 00000000 00:00 0 
7f43243e1000-7f43243e9000 rw-s 00000000 00:24 618017                     /tmp/hsperfdata_noah/901
7f43243e9000-7f43243ea000 rw-p 00000000 00:00 0 
7f43243ea000-7f43243eb000 r--p 00000000 00:00 0 
7f43243eb000-7f43243ec000 rw-p 00000000 00:00 0 
7f43243ec000-7f43243ed000 r--p 00021000 08:04 1313921                    /usr/lib/ld-2.22.so
7f43243ed000-7f43243ee000 rw-p 00022000 08:04 1313921                    /usr/lib/ld-2.22.so
7f43243ee000-7f43243ef000 rw-p 00000000 00:00 0 
7ffcc2339000-7ffcc235a000 rw-p 00000000 00:00 0                          [stack]
7ffcc23f8000-7ffcc23fa000 r--p 00000000 00:00 0                          [vvar]
7ffcc23fa000-7ffcc23fc000 r-xp 00000000 00:00 0                          [vdso]
ffffffffff600000-ffffffffff601000 r-xp 00000000 00:00 0                  [vsyscall]

VM Arguments:
jvm_args: -Dfile.encoding=UTF-8 
java_command: Display
java_class_path (initial): /home/noah/Development/CS1610/DJ_Fourier/bin:/home/noah/Development/CS1610/DJ_Fourier/lib/core.jar:/home/noah/Development/CS1610/DJ_Fourier/lib/gluegen-rt-natives-linux-amd64.jar:/home/noah/Development/CS1610/DJ_Fourier/lib/jogl-all-natives-linux-amd64.jar:/home/noah/Development/CS1610/DJ_Fourier/lib/jogl-all.jar:/home/noah/Development/CS1610/DJ_Fourier/lib/controlP5.jar:/home/noah/Development/CS1610/DJ_Fourier/lib/gluegen-rt.jar:/home/noah/Development/CS1610/DJ_Fourier/lib/jl1.0.jar:/home/noah/Development/CS1610/DJ_Fourier/lib/jsminim.jar:/home/noah/Development/CS1610/DJ_Fourier/lib/minim.jar:/home/noah/Development/CS1610/DJ_Fourier/lib/mp3spi1.9.4.jar:/home/noah/Development/CS1610/DJ_Fourier/lib/tritonus_aos.jar:/home/noah/Development/CS1610/DJ_Fourier/lib/tritonus_share.jar
Launcher Type: SUN_STANDARD

Environment Variables:
PATH=/home/noah/CUAUV/software/link-stage:/home/noah/bin:/usr/local/bin:/usr/local/sbin:/usr/local/bin:/usr/bin:/usr/lib/jvm/default/bin:/usr/bin/site_perl:/usr/bin/vendor_perl:/usr/bin/core_perl
LD_LIBRARY_PATH=:/home/noah/CUAUV/software/link-stage
SHELL=/bin/zsh
DISPLAY=:0

Signal Handlers:
SIGSEGV: [libjvm.so+0xaba2a0], sa_mask[0]=11111111011111111101111111111110, sa_flags=SA_RESTART|SA_SIGINFO
SIGBUS: [libjvm.so+0xaba2a0], sa_mask[0]=11111111011111111101111111111110, sa_flags=SA_RESTART|SA_SIGINFO
SIGFPE: [libjvm.so+0x917710], sa_mask[0]=11111111011111111101111111111110, sa_flags=SA_RESTART|SA_SIGINFO
SIGPIPE: [libjvm.so+0x917710], sa_mask[0]=11111111011111111101111111111110, sa_flags=SA_RESTART|SA_SIGINFO
SIGXFSZ: [libjvm.so+0x917710], sa_mask[0]=11111111011111111101111111111110, sa_flags=SA_RESTART|SA_SIGINFO
SIGILL: [libjvm.so+0x917710], sa_mask[0]=11111111011111111101111111111110, sa_flags=SA_RESTART|SA_SIGINFO
SIGUSR1: SIG_DFL, sa_mask[0]=00000000000000000000000000000000, sa_flags=none
SIGUSR2: [libjvm.so+0x918d40], sa_mask[0]=00100000000000000000000000000000, sa_flags=SA_RESTART|SA_SIGINFO
SIGHUP: [libjvm.so+0x91a140], sa_mask[0]=11111111011111111101111111111110, sa_flags=SA_RESTART|SA_SIGINFO
SIGINT: SIG_IGN, sa_mask[0]=00000000000000000000000000000000, sa_flags=none
SIGTERM: [libjvm.so+0x91a140], sa_mask[0]=11111111011111111101111111111110, sa_flags=SA_RESTART|SA_SIGINFO
SIGQUIT: [libjvm.so+0x91a140], sa_mask[0]=11111111011111111101111111111110, sa_flags=SA_RESTART|SA_SIGINFO


---------------  S Y S T E M  ---------------

OS:LSB_VERSION=1.4
DISTRIB_ID=Arch
DISTRIB_RELEASE=rolling
DISTRIB_DESCRIPTION="Arch Linux"

uname:Linux 4.3.3-2-ARCH #1 SMP PREEMPT Wed Dec 23 20:09:18 CET 2015 x86_64
libc:glibc 2.22 NPTL 2.22 
rlimit: STACK 8192k, CORE 0k, NPROC 31142, NOFILE 4096, AS infinity
load average:0.81 0.72 0.73

/proc/meminfo:
MemTotal:        8090580 kB
MemFree:         2436152 kB
MemAvailable:    4661108 kB
Buffers:          182752 kB
Cached:          2732724 kB
SwapCached:            0 kB
Active:          3511480 kB
Inactive:        1843496 kB
Active(anon):    2445468 kB
Inactive(anon):   822744 kB
Active(file):    1066012 kB
Inactive(file):  1020752 kB
Unevictable:           0 kB
Mlocked:               0 kB
SwapTotal:             0 kB
SwapFree:              0 kB
Dirty:              3636 kB
Writeback:             0 kB
AnonPages:       2439512 kB
Mapped:           636688 kB
Shmem:            828720 kB
Slab:             208180 kB
SReclaimable:     180540 kB
SUnreclaim:        27640 kB
KernelStack:        4880 kB
PageTables:        16800 kB
NFS_Unstable:          0 kB
Bounce:                0 kB
WritebackTmp:          0 kB
CommitLimit:     4045288 kB
Committed_AS:    4761144 kB
VmallocTotal:   34359738367 kB
VmallocUsed:      590380 kB
VmallocChunk:   34358423548 kB
HardwareCorrupted:     0 kB
AnonHugePages:    972800 kB
HugePages_Total:       0
HugePages_Free:        0
HugePages_Rsvd:        0
HugePages_Surp:        0
Hugepagesize:       2048 kB
DirectMap4k:      107264 kB
DirectMap2M:     6094848 kB
DirectMap1G:     3145728 kB


CPU:total 4 (2 cores per cpu, 2 threads per core) family 6 model 69 stepping 1, cmov, cx8, fxsr, mmx, sse, sse2, sse3, ssse3, sse4.1, sse4.2, popcnt, avx, avx2, aes, clmul, erms, lzcnt, ht, tsc, tscinvbit, bmi1, bmi2

/proc/cpuinfo:
processor	: 0
vendor_id	: GenuineIntel
cpu family	: 6
model		: 69
model name	: Intel(R) Core(TM) i7-4500U CPU @ 1.80GHz
stepping	: 1
microcode	: 0x16
cpu MHz		: 2028.937
cache size	: 4096 KB
physical id	: 0
siblings	: 4
core id		: 0
cpu cores	: 2
apicid		: 0
initial apicid	: 0
fpu		: yes
fpu_exception	: yes
cpuid level	: 13
wp		: yes
flags		: fpu vme de pse tsc msr pae mce cx8 apic sep mtrr pge mca cmov pat pse36 clflush dts acpi mmx fxsr sse sse2 ss ht tm pbe syscall nx pdpe1gb rdtscp lm constant_tsc arch_perfmon pebs bts rep_good nopl xtopology nonstop_tsc aperfmperf eagerfpu pni pclmulqdq dtes64 monitor ds_cpl vmx est tm2 ssse3 sdbg fma cx16 xtpr pdcm pcid sse4_1 sse4_2 movbe popcnt tsc_deadline_timer aes xsave avx f16c rdrand lahf_lm abm ida arat epb pln pts dtherm tpr_shadow vnmi flexpriority ept vpid fsgsbase tsc_adjust bmi1 avx2 smep bmi2 erms invpcid xsaveopt
bugs		:
bogomips	: 4790.44
clflush size	: 64
cache_alignment	: 64
address sizes	: 39 bits physical, 48 bits virtual
power management:

processor	: 1
vendor_id	: GenuineIntel
cpu family	: 6
model		: 69
model name	: Intel(R) Core(TM) i7-4500U CPU @ 1.80GHz
stepping	: 1
microcode	: 0x16
cpu MHz		: 1800.000
cache size	: 4096 KB
physical id	: 0
siblings	: 4
core id		: 0
cpu cores	: 2
apicid		: 1
initial apicid	: 1
fpu		: yes
fpu_exception	: yes
cpuid level	: 13
wp		: yes
flags		: fpu vme de pse tsc msr pae mce cx8 apic sep mtrr pge mca cmov pat pse36 clflush dts acpi mmx fxsr sse sse2 ss ht tm pbe syscall nx pdpe1gb rdtscp lm constant_tsc arch_perfmon pebs bts rep_good nopl xtopology nonstop_tsc aperfmperf eagerfpu pni pclmulqdq dtes64 monitor ds_cpl vmx est tm2 ssse3 sdbg fma cx16 xtpr pdcm pcid sse4_1 sse4_2 movbe popcnt tsc_deadline_timer aes xsave avx f16c rdrand lahf_lm abm ida arat epb pln pts dtherm tpr_shadow vnmi flexpriority ept vpid fsgsbase tsc_adjust bmi1 avx2 smep bmi2 erms invpcid xsaveopt
bugs		:
bogomips	: 4790.44
clflush size	: 64
cache_alignment	: 64
address sizes	: 39 bits physical, 48 bits virtual
power management:

processor	: 2
vendor_id	: GenuineIntel
cpu family	: 6
model		: 69
model name	: Intel(R) Core(TM) i7-4500U CPU @ 1.80GHz
stepping	: 1
microcode	: 0x16
cpu MHz		: 2055.187
cache size	: 4096 KB
physical id	: 0
siblings	: 4
core id		: 1
cpu cores	: 2
apicid		: 2
initial apicid	: 2
fpu		: yes
fpu_exception	: yes
cpuid level	: 13
wp		: yes
flags		: fpu vme de pse tsc msr pae mce cx8 apic sep mtrr pge mca cmov pat pse36 clflush dts acpi mmx fxsr sse sse2 ss ht tm pbe syscall nx pdpe1gb rdtscp lm constant_tsc arch_perfmon pebs bts rep_good nopl xtopology nonstop_tsc aperfmperf eagerfpu pni pclmulqdq dtes64 monitor ds_cpl vmx est tm2 ssse3 sdbg fma cx16 xtpr pdcm pcid sse4_1 sse4_2 movbe popcnt tsc_deadline_timer aes xsave avx f16c rdrand lahf_lm abm ida arat epb pln pts dtherm tpr_shadow vnmi flexpriority ept vpid fsgsbase tsc_adjust bmi1 avx2 smep bmi2 erms invpcid xsaveopt
bugs		:
bogomips	: 4790.44
clflush size	: 64
cache_alignment	: 64
address sizes	: 39 bits physical, 48 bits virtual
power management:

processor	: 3
vendor_id	: GenuineIntel
cpu family	: 6
model		: 69
model name	: Intel(R) Core(TM) i7-4500U CPU @ 1.80GHz
stepping	: 1
microcode	: 0x16
cpu MHz		: 2253.656
cache size	: 4096 KB
physical id	: 0
siblings	: 4
core id		: 1
cpu cores	: 2
apicid		: 3
initial apicid	: 3
fpu		: yes
fpu_exception	: yes
cpuid level	: 13
wp		: yes
flags		: fpu vme de pse tsc msr pae mce cx8 apic sep mtrr pge mca cmov pat pse36 clflush dts acpi mmx fxsr sse sse2 ss ht tm pbe syscall nx pdpe1gb rdtscp lm constant_tsc arch_perfmon pebs bts rep_good nopl xtopology nonstop_tsc aperfmperf eagerfpu pni pclmulqdq dtes64 monitor ds_cpl vmx est tm2 ssse3 sdbg fma cx16 xtpr pdcm pcid sse4_1 sse4_2 movbe popcnt tsc_deadline_timer aes xsave avx f16c rdrand lahf_lm abm ida arat epb pln pts dtherm tpr_shadow vnmi flexpriority ept vpid fsgsbase tsc_adjust bmi1 avx2 smep bmi2 erms invpcid xsaveopt
bugs		:
bogomips	: 4790.44
clflush size	: 64
cache_alignment	: 64
address sizes	: 39 bits physical, 48 bits virtual
power management:



Memory: 4k page, physical 8090580k(2436152k free), swap 0k(0k free)

vm_info: Java HotSpot(TM) 64-Bit Server VM (25.66-b17) for linux-amd64 JRE (1.8.0_66-b17), built on Oct  6 2015 17:28:34 by "java_re" with gcc 4.3.0 20080428 (Red Hat 4.3.0-8)

time: Thu Jan 21 17:05:37 2016
elapsed time: 28 seconds (0d 0h 0m 28s)

